<?xml version="1.0" encoding="UTF-8"?>
<!-- Generated by org.testng.reporters.JUnitReportReporter -->
<testsuite hostname="dell-Latitude-3510" failures="0" tests="3" name="chandanachaitanyaPackage.RadioButton" time="25.751" errors="0" timestamp="13 Mar 2024 04:56:28 GMT" skipped="0">
  <testcase classname="chandanachaitanyaPackage.RadioButton" name="TC2_1" time="18.507"/>
  <testcase classname="chandanachaitanyaPackage.RadioButton" name="TC2_3" time="3.580"/>
  <testcase classname="chandanachaitanyaPackage.RadioButton" name="TC2_2" time="3.664"/>
</testsuite> <!-- chandanachaitanyaPackage.RadioButton -->
