<?xml version="1.0" encoding="UTF-8"?>
<!-- Generated by org.testng.reporters.JUnitReportReporter -->
<testsuite hostname="dell-Latitude-3510" failures="0" tests="1" name="chandanachaitanyaPackage.Textfield" time="3.629" errors="0" timestamp="13 Mar 2024 04:56:28 GMT" skipped="0">
  <testcase classname="chandanachaitanyaPackage.Textfield" name="TC6_1" time="3.629"/>
</testsuite> <!-- chandanachaitanyaPackage.Textfield -->
