<?xml version="1.0" encoding="UTF-8"?>
<!-- Generated by org.testng.reporters.JUnitReportReporter -->
<testsuite hostname="dell-Latitude-3510" failures="0" tests="3" name="chandanachaitanyaPackage.WindowHandle" time="7.457" errors="0" timestamp="12 Mar 2024 19:08:58 GMT" skipped="1">
  <testcase classname="chandanachaitanyaPackage.WindowHandle" name="TC5_1" time="3.360"/>
  <testcase classname="chandanachaitanyaPackage.WindowHandle" name="TC5_3" time="4.097"/>
  <testcase classname="chandanachaitanyaPackage.WindowHandle" name="TC5_2">
    <skipped/>
  </testcase> <!-- TC5_2 -->
</testsuite> <!-- chandanachaitanyaPackage.WindowHandle -->
