<?xml version="1.0" encoding="UTF-8"?>
<!-- Generated by org.testng.reporters.JUnitReportReporter -->
<testsuite hostname="dell-Latitude-3510" failures="0" tests="6" name="chandanachaitanyaPackage.Listfield" time="19.522" errors="0" timestamp="13 Mar 2024 04:56:28 GMT" skipped="0">
  <testcase classname="chandanachaitanyaPackage.Listfield" name="TC3_1" time="3.776"/>
  <testcase classname="chandanachaitanyaPackage.Listfield" name="TC3_6" time="3.159"/>
  <testcase classname="chandanachaitanyaPackage.Listfield" name="TC3_2" time="3.674"/>
  <testcase classname="chandanachaitanyaPackage.Listfield" name="TC3_5" time="2.962"/>
  <testcase classname="chandanachaitanyaPackage.Listfield" name="TC3_3" time="3.386"/>
  <testcase classname="chandanachaitanyaPackage.Listfield" name="TC3_4" time="2.565"/>
</testsuite> <!-- chandanachaitanyaPackage.Listfield -->
