<?xml version="1.0" encoding="UTF-8"?>
<!-- Generated by org.testng.reporters.JUnitReportReporter -->
<testsuite hostname="dell-Latitude-3510" failures="0" tests="2" name="chandanachaitanyaPackage.MultiSelect" time="22.408" errors="0" timestamp="13 Mar 2024 04:56:28 GMT" skipped="0">
  <testcase classname="chandanachaitanyaPackage.MultiSelect" name="TC4_1" time="11.184"/>
  <testcase classname="chandanachaitanyaPackage.MultiSelect" name="TC4_2" time="11.224"/>
</testsuite> <!-- chandanachaitanyaPackage.MultiSelect -->
