<?xml version="1.0" encoding="UTF-8"?>
<!-- Generated by org.testng.reporters.JUnitReportReporter -->
<testsuite hostname="dell-Latitude-3510" failures="0" tests="1" name="chandanachaitanyaPackage.Alert" time="4.052" errors="0" timestamp="13 Mar 2024 04:56:28 GMT" skipped="0">
  <testcase classname="chandanachaitanyaPackage.Alert" name="TC5_1" time="4.052"/>
</testsuite> <!-- chandanachaitanyaPackage.Alert -->
