<?xml version="1.0" encoding="UTF-8"?>
<!-- Generated by org.testng.reporters.JUnitReportReporter -->
<testsuite hostname="dell-Latitude-3510" failures="0" tests="1" name="chandanachaitanyaPackage.Page1" time="7.070" errors="0" timestamp="12 Mar 2024 16:59:00 GMT" skipped="0">
  <testcase classname="chandanachaitanyaPackage.Page1" name="TC1_1" time="7.070"/>
</testsuite> <!-- chandanachaitanyaPackage.Page1 -->
