<?xml version="1.0" encoding="UTF-8"?>
<!-- Generated by org.testng.reporters.JUnitReportReporter -->
<testsuite hostname="dell-Latitude-3510" failures="0" tests="1" name="chandanachaitanyaPackage.Action" time="7.912" errors="0" timestamp="13 Mar 2024 06:25:48 GMT" skipped="0">
  <testcase classname="chandanachaitanyaPackage.Action" name="TC7_1" time="7.912"/>
</testsuite> <!-- chandanachaitanyaPackage.Action -->
